# JRE version: Java(TM) SE Runtime Environment (8.0_77-b03) (build 1.8.0_77-b03)
# Java VM: Java HotSpot(TM) 64-Bit Server VM (25.77-b03 mixed mode linux-amd64 compressed oops)
Heap:
 PSYoungGen      total 92160K, used 6427K [0x00000000d7100000, 0x00000000df700000, 0x0000000100000000)
  eden space 87040K, 1% used [0x00000000d7100000,0x00000000d724aca0,0x00000000dc600000)
  from space 5120K, 99% used [0x00000000df200000,0x00000000df6fc160,0x00000000df700000)
  to   space 5120K, 0% used [0x00000000ded00000,0x00000000ded00000,0x00000000df200000)
 ParOldGen       total 61952K, used 13762K [0x0000000085200000, 0x0000000088e80000, 0x00000000d7100000)
  object space 61952K, 22% used [0x0000000085200000,0x0000000085f70ab8,0x0000000088e80000)
 Metaspace       used 30560K, capacity 30820K, committed 31232K, reserved 1077248K
  class space    used 3933K, capacity 3993K, committed 4096K, reserved 1048576K
GC Heap History (10 events):
Event: 0.595 GC heap before
{Heap before GC invocations=1 (full 0):
 PSYoungGen      total 36864K, used 31744K [0x00000000d7100000, 0x00000000d9a00000, 0x0000000100000000)
  eden space 31744K, 100% used [0x00000000d7100000,0x00000000d9000000,0x00000000d9000000)
  from space 5120K, 0% used [0x00000000d9500000,0x00000000d9500000,0x00000000d9a00000)
  to   space 5120K, 0% used [0x00000000d9000000,0x00000000d9000000,0x00000000d9500000)
 ParOldGen       total 84992K, used 0K [0x0000000085200000, 0x000000008a500000, 0x00000000d7100000)
  object space 84992K, 0% used [0x0000000085200000,0x0000000085200000,0x000000008a500000)
 Metaspace       used 12442K, capacity 12570K, committed 12672K, reserved 1060864K
  class space    used 1553K, capacity 1586K, committed 1664K, reserved 1048576K
Event: 0.603 GC heap after
Heap after GC invocations=1 (full 0):
 PSYoungGen      total 36864K, used 5109K [0x00000000d7100000, 0x00000000db900000, 0x0000000100000000)
  eden space 31744K, 0% used [0x00000000d7100000,0x00000000d7100000,0x00000000d9000000)
  from space 5120K, 99% used [0x00000000d9000000,0x00000000d94fd670,0x00000000d9500000)
  to   space 5120K, 0% used [0x00000000db400000,0x00000000db400000,0x00000000db900000)
 ParOldGen       total 84992K, used 3760K [0x0000000085200000, 0x000000008a500000, 0x00000000d7100000)
  object space 84992K, 4% used [0x0000000085200000,0x00000000855ac210,0x000000008a500000)
 Metaspace       used 12442K, capacity 12570K, committed 12672K, reserved 1060864K
  class space    used 1553K, capacity 1586K, committed 1664K, reserved 1048576K
}
Event: 1.202 GC heap before
{Heap before GC invocations=2 (full 0):
 PSYoungGen      total 36864K, used 36853K [0x00000000d7100000, 0x00000000db900000, 0x0000000100000000)
  eden space 31744K, 100% used [0x00000000d7100000,0x00000000d9000000,0x00000000d9000000)
  from space 5120K, 99% used [0x00000000d9000000,0x00000000d94fd670,0x00000000d9500000)
  to   space 5120K, 0% used [0x00000000db400000,0x00000000db400000,0x00000000db900000)
 ParOldGen       total 84992K, used 3760K [0x0000000085200000, 0x000000008a500000, 0x00000000d7100000)
  object space 84992K, 4% used [0x0000000085200000,0x00000000855ac210,0x000000008a500000)
 Metaspace       used 19387K, capacity 19540K, committed 19712K, reserved 1067008K
  class space    used 2489K, capacity 2529K, committed 2560K, reserved 1048576K
Event: 1.212 GC heap after
Heap after GC invocations=2 (full 0):
 PSYoungGen      total 68608K, used 5118K [0x00000000d7100000, 0x00000000db900000, 0x0000000100000000)
  eden space 63488K, 0% used [0x00000000d7100000,0x00000000d7100000,0x00000000daf00000)
  from space 5120K, 99% used [0x00000000db400000,0x00000000db8ffaf8,0x00000000db900000)
  to   space 5120K, 0% used [0x00000000daf00000,0x00000000daf00000,0x00000000db400000)
 ParOldGen       total 84992K, used 7775K [0x0000000085200000, 0x000000008a500000, 0x00000000d7100000)
  object space 84992K, 9% used [0x0000000085200000,0x0000000085997cb8,0x000000008a500000)
 Metaspace       used 19387K, capacity 19540K, committed 19712K, reserved 1067008K
  class space    used 2489K, capacity 2529K, committed 2560K, reserved 1048576K
}
Event: 1.427 GC heap before
{Heap before GC invocations=3 (full 0):
 PSYoungGen      total 68608K, used 19988K [0x00000000d7100000, 0x00000000db900000, 0x0000000100000000)
  eden space 63488K, 23% used [0x00000000d7100000,0x00000000d7f855c0,0x00000000daf00000)
  from space 5120K, 99% used [0x00000000db400000,0x00000000db8ffaf8,0x00000000db900000)
  to   space 5120K, 0% used [0x00000000daf00000,0x00000000daf00000,0x00000000db400000)
 ParOldGen       total 84992K, used 7775K [0x0000000085200000, 0x000000008a500000, 0x00000000d7100000)
  object space 84992K, 9% used [0x0000000085200000,0x0000000085997cb8,0x000000008a500000)
 Metaspace       used 20962K, capacity 21054K, committed 21248K, reserved 1067008K
  class space    used 2709K, capacity 2728K, committed 2816K, reserved 1048576K
Event: 1.437 GC heap after
Heap after GC invocations=3 (full 0):
 PSYoungGen      total 68608K, used 5088K [0x00000000d7100000, 0x00000000df700000, 0x0000000100000000)
  eden space 63488K, 0% used [0x00000000d7100000,0x00000000d7100000,0x00000000daf00000)
  from space 5120K, 99% used [0x00000000daf00000,0x00000000db3f8020,0x00000000db400000)
  to   space 5120K, 0% used [0x00000000df200000,0x00000000df200000,0x00000000df700000)
 ParOldGen       total 84992K, used 9643K [0x0000000085200000, 0x000000008a500000, 0x00000000d7100000)
  object space 84992K, 11% used [0x0000000085200000,0x0000000085b6ac18,0x000000008a500000)
 Metaspace       used 20962K, capacity 21054K, committed 21248K, reserved 1067008K
  class space    used 2709K, capacity 2728K, committed 2816K, reserved 1048576K
}
Event: 1.437 GC heap before
{Heap before GC invocations=4 (full 1):
 PSYoungGen      total 68608K, used 5088K [0x00000000d7100000, 0x00000000df700000, 0x0000000100000000)
  eden space 63488K, 0% used [0x00000000d7100000,0x00000000d7100000,0x00000000daf00000)
  from space 5120K, 99% used [0x00000000daf00000,0x00000000db3f8020,0x00000000db400000)
  to   space 5120K, 0% used [0x00000000df200000,0x00000000df200000,0x00000000df700000)
 ParOldGen       total 84992K, used 9643K [0x0000000085200000, 0x000000008a500000, 0x00000000d7100000)
  object space 84992K, 11% used [0x0000000085200000,0x0000000085b6ac18,0x000000008a500000)
 Metaspace       used 20962K, capacity 21054K, committed 21248K, reserved 1067008K
  class space    used 2709K, capacity 2728K, committed 2816K, reserved 1048576K
Event: 1.484 GC heap after
Heap after GC invocations=4 (full 1):
 PSYoungGen      total 68608K, used 0K [0x00000000d7100000, 0x00000000df700000, 0x0000000100000000)
  eden space 63488K, 0% used [0x00000000d7100000,0x00000000d7100000,0x00000000daf00000)
  from space 5120K, 0% used [0x00000000daf00000,0x00000000daf00000,0x00000000db400000)
  to   space 5120K, 0% used [0x00000000df200000,0x00000000df200000,0x00000000df700000)
 ParOldGen       total 61952K, used 6866K [0x0000000085200000, 0x0000000088e80000, 0x00000000d7100000)
  object space 61952K, 11% used [0x0000000085200000,0x00000000858b4b00,0x0000000088e80000)
 Metaspace       used 20962K, capacity 21054K, committed 21248K, reserved 1067008K
  class space    used 2709K, capacity 2728K, committed 2816K, reserved 1048576K
}
Event: 474.318 GC heap before
{Heap before GC invocations=5 (full 1):
 PSYoungGen      total 68608K, used 63488K [0x00000000d7100000, 0x00000000df700000, 0x0000000100000000)
  eden space 63488K, 100% used [0x00000000d7100000,0x00000000daf00000,0x00000000daf00000)
  from space 5120K, 0% used [0x00000000daf00000,0x00000000daf00000,0x00000000db400000)
  to   space 5120K, 0% used [0x00000000df200000,0x00000000df200000,0x00000000df700000)
 ParOldGen       total 61952K, used 6866K [0x0000000085200000, 0x0000000088e80000, 0x00000000d7100000)
  object space 61952K, 11% used [0x0000000085200000,0x00000000858b4b00,0x0000000088e80000)
 Metaspace       used 30558K, capacity 30820K, committed 31232K, reserved 1077248K
  class space    used 3932K, capacity 3993K, committed 4096K, reserved 1048576K
Event: 474.334 GC heap after
Heap after GC invocations=5 (full 1):
 PSYoungGen      total 92160K, used 5104K [0x00000000d7100000, 0x00000000df700000, 0x0000000100000000)
  eden space 87040K, 0% used [0x00000000d7100000,0x00000000d7100000,0x00000000dc600000)
  from space 5120K, 99% used [0x00000000df200000,0x00000000df6fc160,0x00000000df700000)
  to   space 5120K, 0% used [0x00000000ded00000,0x00000000ded00000,0x00000000df200000)
 ParOldGen       total 61952K, used 13762K [0x0000000085200000, 0x0000000088e80000, 0x00000000d7100000)
  object space 61952K, 22% used [0x0000000085200000,0x0000000085f70ab8,0x0000000088e80000)
 Metaspace       used 30558K, capacity 30820K, committed 31232K, reserved 1077248K
  class space    used 3932K, capacity 3993K, committed 4096K, reserved 1048576K
}

